<?xml version="1.0" encoding="UTF-8"?>
<!-- Generated by org.testng.reporters.JUnitReportReporter -->
<testsuite hostname="DESKTOP-B65G34H" failures="0" tests="1" name="test.Fbcreatetst" time="2.418" errors="0" timestamp="2023-06-21T11:03:45 IST" skipped="0">
  <testcase classname="test.Fbcreatetst" name="fbtest" time="2.418"/>
</testsuite> <!-- test.Fbcreatetst -->
