<?xml version="1.0" encoding="UTF-8"?>
<!-- Generated by org.testng.reporters.JUnitReportReporter -->
<testsuite hostname="DESKTOP-B65G34H" failures="0" tests="1" name="testng.Waitspgm" time="7.811" errors="0" timestamp="2023-06-18T13:42:37 IST" skipped="0">
  <testcase classname="testng.Waitspgm" name="test1" time="7.811"/>
</testsuite> <!-- testng.Waitspgm -->
