<?xml version="1.0" encoding="UTF-8"?>
<!-- Generated by org.testng.reporters.JUnitReportReporter -->
<testsuite hostname="DESKTOP-B65G34H" failures="0" tests="1" name="testng.RightclknDoubleclk" time="5.099" errors="0" timestamp="2023-06-18T12:27:12 IST" skipped="0">
  <testcase classname="testng.RightclknDoubleclk" name="btntxtdisplay" time="5.099"/>
</testsuite> <!-- testng.RightclknDoubleclk -->
