<?xml version="1.0" encoding="UTF-8"?>
<!-- Generated by org.testng.reporters.JUnitReportReporter -->
<testsuite hostname="DESKTOP-B65G34H" failures="0" tests="1" name="testng.Parameterizationfbpage" time="3.808" errors="0" timestamp="2023-06-18T20:54:36 IST" skipped="0">
  <testcase classname="testng.Parameterizationfbpage" name="test1" time="3.808"/>
</testsuite> <!-- testng.Parameterizationfbpage -->
