<?xml version="1.0" encoding="UTF-8"?>
<!-- Generated by org.testng.reporters.JUnitReportReporter -->
<testsuite hostname="DESKTOP-B65G34H" failures="0" tests="1" name="testng.Fileuploadpgm" time="4.711" errors="0" timestamp="2023-06-20T13:14:32 IST" skipped="0">
  <testcase classname="testng.Fileuploadpgm" name="test1" time="4.711"/>
</testsuite> <!-- testng.Fileuploadpgm -->
