<?xml version="1.0" encoding="UTF-8"?>
<!-- Generated by org.testng.reporters.JUnitReportReporter -->
<testsuite hostname="DESKTOP-B65G34H" failures="0" tests="1" name="testng.Actionclasspgm" time="2.782" errors="0" timestamp="2023-06-18T11:54:52 IST" skipped="0">
  <testcase classname="testng.Actionclasspgm" name="btntxtdisplay" time="2.782"/>
</testsuite> <!-- testng.Actionclasspgm -->
