<?xml version="1.0" encoding="UTF-8"?>
<!-- Generated by org.testng.reporters.JUnitReportReporter -->
<testsuite hostname="DESKTOP-B65G34H" failures="0" tests="3" name="testng.Testngdemo" time="4.070" errors="0" timestamp="2023-06-18T10:59:15 IST" skipped="1">
  <testcase classname="testng.Testngdemo" name="logodisplay" time="3.198"/>
  <testcase classname="testng.Testngdemo" name="titleverification" time="0.872"/>
  <testcase classname="testng.Testngdemo" name="textcontain">
    <skipped/>
  </testcase> <!-- textcontain -->
</testsuite> <!-- testng.Testngdemo -->
