<?xml version="1.0" encoding="UTF-8"?>
<!-- Generated by org.testng.reporters.JUnitReportReporter -->
<testsuite hostname="DESKTOP-B65G34H" failures="0" tests="1" name="testng.Practicepgm1" time="2.121" errors="0" timestamp="2023-06-24T10:54:58 IST" skipped="0">
  <testcase classname="testng.Practicepgm1" name="test1" time="2.121"/>
</testsuite> <!-- testng.Practicepgm1 -->
