<?xml version="1.0" encoding="UTF-8"?>
<!-- Generated by org.testng.reporters.JUnitReportReporter -->
<testsuite hostname="DESKTOP-B65G34H" failures="0" tests="1" name="testng.Practicepgm2" time="7.340" errors="0" timestamp="2023-06-24T11:42:51 IST" skipped="0">
  <testcase classname="testng.Practicepgm2" name="test1" time="7.340"/>
</testsuite> <!-- testng.Practicepgm2 -->
