<?xml version="1.0" encoding="UTF-8"?>
<!-- Generated by org.testng.reporters.JUnitReportReporter -->
<testsuite hostname="DESKTOP-B65G34H" failures="0" tests="1" name="testng.Ebaysitepgm1" time="6.312" errors="0" timestamp="2023-06-18T13:03:24 IST" skipped="0">
  <testcase classname="testng.Ebaysitepgm1" name="test1" time="6.312"/>
</testsuite> <!-- testng.Ebaysitepgm1 -->
