<?xml version="1.0" encoding="UTF-8"?>
<!-- Generated by org.testng.reporters.JUnitReportReporter -->
<testsuite hostname="DESKTOP-B65G34H" failures="0" tests="1" name="testng.Practicefileupload" time="4.265" errors="0" timestamp="2023-06-23T12:52:25 IST" skipped="0">
  <testcase classname="testng.Practicefileupload" name="test1" time="4.265"/>
</testsuite> <!-- testng.Practicefileupload -->
