<?xml version="1.0" encoding="UTF-8"?>
<!-- Generated by org.testng.reporters.JUnitReportReporter -->
<testsuite hostname="DESKTOP-B65G34H" failures="0" tests="1" name="testng.Windowhandlerpgm" time="7.283" errors="0" timestamp="2023-06-23T12:05:07 IST" skipped="0">
  <testcase classname="testng.Windowhandlerpgm" name="test1" time="7.283"/>
</testsuite> <!-- testng.Windowhandlerpgm -->
