<?xml version="1.0" encoding="UTF-8"?>
<!-- Generated by org.testng.reporters.JUnitReportReporter -->
<testsuite hostname="DESKTOP-B65G34H" failures="0" tests="1" name="pkg.Practicepgm" time="5.767" errors="0" timestamp="2023-06-24T10:17:18 IST" skipped="0">
  <testcase classname="pkg.Practicepgm" name="test1" time="5.767"/>
</testsuite> <!-- pkg.Practicepgm -->
