<?xml version="1.0" encoding="UTF-8"?>
<!-- Generated by org.testng.reporters.JUnitReportReporter -->
<testsuite hostname="DESKTOP-B65G34H" failures="0" tests="1" name="testng.Datadriventest" time="15.190" errors="0" timestamp="2023-06-19T10:46:59 IST" skipped="0">
  <testcase classname="testng.Datadriventest" name="test1" time="15.190"/>
</testsuite> <!-- testng.Datadriventest -->
