<?xml version="1.0" encoding="UTF-8"?>
<!-- Generated by org.testng.reporters.JUnitReportReporter -->
<testsuite hostname="DESKTOP-B65G34H" failures="0" tests="1" name="testng.Autoitpgm" time="9.066" errors="0" timestamp="2023-06-20T15:35:56 IST" skipped="0">
  <testcase classname="testng.Autoitpgm" name="test1" time="9.066"/>
</testsuite> <!-- testng.Autoitpgm -->
