<?xml version="1.0" encoding="UTF-8"?>
<!-- Generated by org.testng.reporters.JUnitReportReporter -->
<testsuite hostname="DESKTOP-B65G34H" failures="0" tests="1" name="testng.Dragndrop" time="19.572" errors="0" timestamp="2023-06-18T12:50:49 IST" skipped="0">
  <testcase classname="testng.Dragndrop" name="test1" time="19.572"/>
</testsuite> <!-- testng.Dragndrop -->
