<?xml version="1.0" encoding="UTF-8"?>
<!-- Generated by org.testng.reporters.JUnitReportReporter -->
<testsuite hostname="DESKTOP-B65G34H" failures="0" tests="1" name="testng.Checkavailability" time="3.345" errors="0" timestamp="2023-06-18T21:33:51 IST" skipped="0">
  <testcase classname="testng.Checkavailability" name="btntxtdisplay" time="3.345"/>
</testsuite> <!-- testng.Checkavailability -->
