<?xml version="1.0" encoding="UTF-8"?>
<!-- Generated by org.testng.reporters.JUnitReportReporter -->
<testsuite hostname="DESKTOP-B65G34H" failures="0" tests="1" name="testng.Loginvalidation" time="3.947" errors="0" timestamp="2023-06-18T13:55:01 IST" skipped="0">
  <testcase classname="testng.Loginvalidation" name="test1" time="3.947"/>
</testsuite> <!-- testng.Loginvalidation -->
