<?xml version="1.0" encoding="UTF-8"?>
<!-- Generated by org.testng.reporters.JUnitReportReporter -->
<testsuite hostname="DESKTOP-B65G34H" failures="0" tests="1" name="testng.Browserbasednotify" time="25.900" errors="0" timestamp="2023-06-22T21:26:46 IST" skipped="0">
  <testcase classname="testng.Browserbasednotify" name="test1" time="25.900"/>
</testsuite> <!-- testng.Browserbasednotify -->
