<?xml version="1.0" encoding="UTF-8"?>
<!-- Generated by org.testng.reporters.JUnitReportReporter -->
<testsuite hostname="DESKTOP-B65G34H" failures="0" tests="1" name="testng.Amazonpgautomate" time="16.823" errors="0" timestamp="2023-06-23T12:27:17 IST" skipped="0">
  <testcase classname="testng.Amazonpgautomate" name="test1" time="16.823"/>
</testsuite> <!-- testng.Amazonpgautomate -->
