<?xml version="1.0" encoding="UTF-8"?>
<!-- Generated by org.testng.reporters.JUnitReportReporter -->
<testsuite hostname="DESKTOP-B65G34H" failures="0" tests="1" name="testng.Practicepgm" time="5.525" errors="0" timestamp="2023-06-24T11:01:12 IST" skipped="0">
  <testcase classname="testng.Practicepgm" name="test1" time="5.525"/>
</testsuite> <!-- testng.Practicepgm -->
