<?xml version="1.0" encoding="UTF-8"?>
<!-- Generated by org.testng.reporters.JUnitReportReporter -->
<testsuite hostname="DESKTOP-B65G34H" failures="0" tests="3" name="testng.Testnggrouping" time="27.690" errors="0" timestamp="2023-06-18T11:27:02 IST" skipped="0">
  <testcase classname="testng.Testnggrouping" name="textcontain" time="10.642"/>
  <testcase classname="testng.Testnggrouping" name="titleverification" time="0.963"/>
  <testcase classname="testng.Testnggrouping" name="logodisplay" time="16.085"/>
</testsuite> <!-- testng.Testnggrouping -->
